<?xml version="1.0" encoding="UTF-8"?>
<coverage generated="1707732781660" clover="3.2.0">
  <project timestamp="1707732781660" name="All files">
    <metrics statements="32" coveredstatements="32" conditionals="10" coveredconditionals="10" methods="6" coveredmethods="6" elements="48" coveredelements="48" complexity="0" loc="32" ncloc="32" packages="1" files="1" classes="1"/>
    <file name="List.tsx" path="/Users/mardeljosejuma/Projects/Personal Stuff/react-unit-testing-app/src/components/List.tsx">
      <metrics statements="32" coveredstatements="32" conditionals="10" coveredconditionals="10" methods="6" coveredmethods="6"/>
      <line num="1" count="1" type="stmt"/>
      <line num="2" count="1" type="stmt"/>
      <line num="3" count="1" type="stmt"/>
      <line num="4" count="1" type="stmt"/>
      <line num="5" count="12" type="cond" truecount="1" falsecount="0"/>
      <line num="6" count="12" type="stmt"/>
      <line num="7" count="12" type="stmt"/>
      <line num="8" count="12" type="stmt"/>
      <line num="9" count="12" type="cond" truecount="1" falsecount="0"/>
      <line num="10" count="1" type="cond" truecount="1" falsecount="0"/>
      <line num="11" count="1" type="stmt"/>
      <line num="12" count="12" type="stmt"/>
      <line num="13" count="12" type="cond" truecount="1" falsecount="0"/>
      <line num="14" count="1" type="cond" truecount="2" falsecount="0"/>
      <line num="15" count="1" type="stmt"/>
      <line num="16" count="12" type="stmt"/>
      <line num="17" count="12" type="stmt"/>
      <line num="18" count="12" type="stmt"/>
      <line num="19" count="12" type="cond" truecount="1" falsecount="0"/>
      <line num="20" count="12" type="cond" truecount="1" falsecount="0"/>
      <line num="21" count="12" type="stmt"/>
      <line num="22" count="12" type="cond" truecount="1" falsecount="0"/>
      <line num="23" count="12" type="stmt"/>
      <line num="24" count="12" type="stmt"/>
      <line num="25" count="12" type="cond" truecount="1" falsecount="0"/>
      <line num="26" count="12" type="stmt"/>
      <line num="27" count="12" type="stmt"/>
      <line num="28" count="12" type="stmt"/>
      <line num="29" count="12" type="stmt"/>
      <line num="30" count="12" type="stmt"/>
      <line num="31" count="1" type="stmt"/>
      <line num="32" count="1" type="stmt"/>
    </file>
  </project>
</coverage>
