<?xml version="1.0" encoding="UTF-8"?>
<coverage generated="1707798667514" clover="3.2.0">
  <project timestamp="1707798667514" name="All files">
    <metrics statements="34" coveredstatements="32" conditionals="7" coveredconditionals="7" methods="6" coveredmethods="4" elements="47" coveredelements="43" complexity="0" loc="34" ncloc="34" packages="1" files="1" classes="1"/>
    <file name="ToDo.tsx" path="/Users/mardeljosejuma/Projects/Personal Stuff/react-unit-testing-app/src/components/ToDo.tsx">
      <metrics statements="34" coveredstatements="32" conditionals="7" coveredconditionals="7" methods="6" coveredmethods="4"/>
      <line num="1" count="1" type="stmt"/>
      <line num="2" count="1" type="stmt"/>
      <line num="3" count="1" type="stmt"/>
      <line num="4" count="1" type="stmt"/>
      <line num="5" count="16" type="cond" truecount="1" falsecount="0"/>
      <line num="6" count="16" type="stmt"/>
      <line num="7" count="16" type="stmt"/>
      <line num="8" count="16" type="stmt"/>
      <line num="9" count="16" type="cond" truecount="1" falsecount="0"/>
      <line num="10" count="1" type="cond" truecount="1" falsecount="0"/>
      <line num="11" count="1" type="stmt"/>
      <line num="12" count="16" type="stmt"/>
      <line num="13" count="16" type="stmt"/>
      <line num="14" count="0" type="stmt"/>
      <line num="15" count="0" type="stmt"/>
      <line num="16" count="16" type="stmt"/>
      <line num="17" count="16" type="stmt"/>
      <line num="18" count="16" type="stmt"/>
      <line num="19" count="16" type="cond" truecount="1" falsecount="0"/>
      <line num="20" count="16" type="cond" truecount="1" falsecount="0"/>
      <line num="21" count="16" type="cond" truecount="1" falsecount="0"/>
      <line num="22" count="2" type="cond" truecount="1" falsecount="0"/>
      <line num="23" count="3" type="stmt"/>
      <line num="24" count="2" type="stmt"/>
      <line num="25" count="2" type="stmt"/>
      <line num="26" count="2" type="stmt"/>
      <line num="27" count="2" type="stmt"/>
      <line num="28" count="2" type="stmt"/>
      <line num="29" count="16" type="stmt"/>
      <line num="30" count="16" type="stmt"/>
      <line num="31" count="16" type="stmt"/>
      <line num="32" count="16" type="stmt"/>
      <line num="33" count="1" type="stmt"/>
      <line num="34" count="1" type="stmt"/>
    </file>
  </project>
</coverage>
