{"/Users/mardeljosejuma/Projects/Personal Stuff/react-unit-testing-app/src/components/List.tsx": {"path":"/Users/mardeljosejuma/Projects/Personal Stuff/react-unit-testing-app/src/components/List.tsx","all":false,"statementMap":{"0":{"start":{"line":1,"column":0},"end":{"line":1,"column":32}},"1":{"start":{"line":2,"column":0},"end":{"line":2,"column":17}},"2":{"start":{"line":3,"column":0},"end":{"line":3,"column":26}},"3":{"start":{"line":4,"column":0},"end":{"line":4,"column":1}},"4":{"start":{"line":5,"column":0},"end":{"line":5,"column":43}},"5":{"start":{"line":6,"column":0},"end":{"line":6,"column":46}},"6":{"start":{"line":7,"column":0},"end":{"line":7,"column":50}},"7":{"start":{"line":8,"column":0},"end":{"line":8,"column":0}},"8":{"start":{"line":9,"column":0},"end":{"line":9,"column":39}},"9":{"start":{"line":10,"column":0},"end":{"line":10,"column":43}},"10":{"start":{"line":11,"column":0},"end":{"line":11,"column":5}},"11":{"start":{"line":12,"column":0},"end":{"line":12,"column":0}},"12":{"start":{"line":13,"column":0},"end":{"line":13,"column":55}},"13":{"start":{"line":14,"column":0},"end":{"line":14,"column":69}},"14":{"start":{"line":15,"column":0},"end":{"line":15,"column":5}},"15":{"start":{"line":16,"column":0},"end":{"line":16,"column":0}},"16":{"start":{"line":17,"column":0},"end":{"line":17,"column":12}},"17":{"start":{"line":18,"column":0},"end":{"line":18,"column":10}},"18":{"start":{"line":19,"column":0},"end":{"line":19,"column":104}},"19":{"start":{"line":20,"column":0},"end":{"line":20,"column":94}},"20":{"start":{"line":21,"column":0},"end":{"line":21,"column":16}},"21":{"start":{"line":22,"column":0},"end":{"line":22,"column":35}},"22":{"start":{"line":23,"column":0},"end":{"line":23,"column":35}},"23":{"start":{"line":24,"column":0},"end":{"line":24,"column":30}},"24":{"start":{"line":25,"column":0},"end":{"line":25,"column":116}},"25":{"start":{"line":26,"column":0},"end":{"line":26,"column":27}},"26":{"start":{"line":27,"column":0},"end":{"line":27,"column":17}},"27":{"start":{"line":28,"column":0},"end":{"line":28,"column":11}},"28":{"start":{"line":29,"column":0},"end":{"line":29,"column":5}},"29":{"start":{"line":30,"column":0},"end":{"line":30,"column":1}},"30":{"start":{"line":31,"column":0},"end":{"line":31,"column":0}},"31":{"start":{"line":32,"column":0},"end":{"line":32,"column":19}}},"s":{"0":1,"1":1,"2":1,"3":1,"4":12,"5":12,"6":12,"7":12,"8":12,"9":1,"10":1,"11":12,"12":12,"13":1,"14":1,"15":12,"16":12,"17":12,"18":12,"19":12,"20":12,"21":12,"22":12,"23":12,"24":12,"25":12,"26":12,"27":12,"28":12,"29":12,"30":1,"31":1},"branchMap":{"0":{"type":"branch","line":5,"loc":{"start":{"line":5,"column":0},"end":{"line":30,"column":1}},"locations":[{"start":{"line":5,"column":0},"end":{"line":30,"column":1}}]},"1":{"type":"branch","line":9,"loc":{"start":{"line":9,"column":4},"end":{"line":11,"column":5}},"locations":[{"start":{"line":9,"column":4},"end":{"line":11,"column":5}}]},"2":{"type":"branch","line":10,"loc":{"start":{"line":10,"column":16},"end":{"line":10,"column":43}},"locations":[{"start":{"line":10,"column":16},"end":{"line":10,"column":43}}]},"3":{"type":"branch","line":13,"loc":{"start":{"line":13,"column":4},"end":{"line":15,"column":5}},"locations":[{"start":{"line":13,"column":4},"end":{"line":15,"column":5}}]},"4":{"type":"branch","line":14,"loc":{"start":{"line":14,"column":16},"end":{"line":14,"column":69}},"locations":[{"start":{"line":14,"column":16},"end":{"line":14,"column":69}}]},"5":{"type":"branch","line":14,"loc":{"start":{"line":14,"column":38},"end":{"line":14,"column":69}},"locations":[{"start":{"line":14,"column":38},"end":{"line":14,"column":69}}]},"6":{"type":"branch","line":19,"loc":{"start":{"line":19,"column":45},"end":{"line":19,"column":78}},"locations":[{"start":{"line":19,"column":45},"end":{"line":19,"column":78}}]},"7":{"type":"branch","line":20,"loc":{"start":{"line":20,"column":29},"end":{"line":20,"column":55}},"locations":[{"start":{"line":20,"column":29},"end":{"line":20,"column":55}}]},"8":{"type":"branch","line":22,"loc":{"start":{"line":22,"column":26},"end":{"line":23,"column":35}},"locations":[{"start":{"line":22,"column":26},"end":{"line":23,"column":35}}]},"9":{"type":"branch","line":25,"loc":{"start":{"line":25,"column":41},"end":{"line":25,"column":73}},"locations":[{"start":{"line":25,"column":41},"end":{"line":25,"column":73}}]}},"b":{"0":[12],"1":[1],"2":[1],"3":[1],"4":[1],"5":[3],"6":[6],"7":[1],"8":[12],"9":[1]},"fnMap":{"0":{"name":"List","decl":{"start":{"line":5,"column":0},"end":{"line":30,"column":1}},"loc":{"start":{"line":5,"column":0},"end":{"line":30,"column":1}},"line":5},"1":{"name":"addToList","decl":{"start":{"line":9,"column":4},"end":{"line":11,"column":5}},"loc":{"start":{"line":9,"column":4},"end":{"line":11,"column":5}},"line":9},"2":{"name":"removeItemFromList","decl":{"start":{"line":13,"column":4},"end":{"line":15,"column":5}},"loc":{"start":{"line":13,"column":4},"end":{"line":15,"column":5}},"line":13},"3":{"name":"onChange","decl":{"start":{"line":19,"column":45},"end":{"line":19,"column":78}},"loc":{"start":{"line":19,"column":45},"end":{"line":19,"column":78}},"line":19},"4":{"name":"onClick","decl":{"start":{"line":20,"column":29},"end":{"line":20,"column":55}},"loc":{"start":{"line":20,"column":29},"end":{"line":20,"column":55}},"line":20},"5":{"name":"onClick","decl":{"start":{"line":25,"column":41},"end":{"line":25,"column":73}},"loc":{"start":{"line":25,"column":41},"end":{"line":25,"column":73}},"line":25}},"f":{"0":12,"1":1,"2":1,"3":6,"4":1,"5":1}}
}
