{"/Users/mardeljosejuma/Projects/Personal Stuff/react-unit-testing-app/src/components/ToDo.tsx": {"path":"/Users/mardeljosejuma/Projects/Personal Stuff/react-unit-testing-app/src/components/ToDo.tsx","all":false,"statementMap":{"0":{"start":{"line":1,"column":0},"end":{"line":1,"column":32}},"1":{"start":{"line":2,"column":0},"end":{"line":2,"column":17}},"2":{"start":{"line":3,"column":0},"end":{"line":3,"column":26}},"3":{"start":{"line":4,"column":0},"end":{"line":4,"column":1}},"4":{"start":{"line":5,"column":0},"end":{"line":5,"column":43}},"5":{"start":{"line":6,"column":0},"end":{"line":6,"column":46}},"6":{"start":{"line":7,"column":0},"end":{"line":7,"column":50}},"7":{"start":{"line":8,"column":0},"end":{"line":8,"column":0}},"8":{"start":{"line":9,"column":0},"end":{"line":9,"column":39}},"9":{"start":{"line":10,"column":0},"end":{"line":10,"column":43}},"10":{"start":{"line":11,"column":0},"end":{"line":11,"column":5}},"11":{"start":{"line":12,"column":0},"end":{"line":12,"column":0}},"12":{"start":{"line":13,"column":0},"end":{"line":13,"column":55}},"13":{"start":{"line":14,"column":0},"end":{"line":14,"column":69}},"14":{"start":{"line":15,"column":0},"end":{"line":15,"column":5}},"15":{"start":{"line":16,"column":0},"end":{"line":16,"column":0}},"16":{"start":{"line":17,"column":0},"end":{"line":17,"column":12}},"17":{"start":{"line":18,"column":0},"end":{"line":18,"column":10}},"18":{"start":{"line":19,"column":0},"end":{"line":19,"column":128}},"19":{"start":{"line":20,"column":0},"end":{"line":20,"column":101}},"20":{"start":{"line":21,"column":0},"end":{"line":21,"column":35}},"21":{"start":{"line":22,"column":0},"end":{"line":22,"column":35}},"22":{"start":{"line":23,"column":0},"end":{"line":23,"column":34}},"23":{"start":{"line":24,"column":0},"end":{"line":24,"column":42}},"24":{"start":{"line":25,"column":0},"end":{"line":25,"column":21}},"25":{"start":{"line":26,"column":0},"end":{"line":26,"column":30}},"26":{"start":{"line":27,"column":0},"end":{"line":27,"column":116}},"27":{"start":{"line":28,"column":0},"end":{"line":28,"column":27}},"28":{"start":{"line":29,"column":0},"end":{"line":29,"column":49}},"29":{"start":{"line":30,"column":0},"end":{"line":30,"column":11}},"30":{"start":{"line":31,"column":0},"end":{"line":31,"column":5}},"31":{"start":{"line":32,"column":0},"end":{"line":32,"column":1}},"32":{"start":{"line":33,"column":0},"end":{"line":33,"column":0}},"33":{"start":{"line":34,"column":0},"end":{"line":34,"column":19}}},"s":{"0":1,"1":1,"2":1,"3":1,"4":16,"5":16,"6":16,"7":16,"8":16,"9":1,"10":1,"11":16,"12":16,"13":0,"14":0,"15":16,"16":16,"17":16,"18":16,"19":16,"20":16,"21":2,"22":3,"23":2,"24":2,"25":2,"26":2,"27":2,"28":16,"29":16,"30":16,"31":16,"32":1,"33":1},"branchMap":{"0":{"type":"branch","line":5,"loc":{"start":{"line":5,"column":0},"end":{"line":32,"column":1}},"locations":[{"start":{"line":5,"column":0},"end":{"line":32,"column":1}}]},"1":{"type":"branch","line":21,"loc":{"start":{"line":21,"column":27},"end":{"line":29,"column":21}},"locations":[{"start":{"line":21,"column":27},"end":{"line":29,"column":21}}]},"2":{"type":"branch","line":9,"loc":{"start":{"line":9,"column":4},"end":{"line":11,"column":5}},"locations":[{"start":{"line":9,"column":4},"end":{"line":11,"column":5}}]},"3":{"type":"branch","line":10,"loc":{"start":{"line":10,"column":16},"end":{"line":10,"column":43}},"locations":[{"start":{"line":10,"column":16},"end":{"line":10,"column":43}}]},"4":{"type":"branch","line":19,"loc":{"start":{"line":19,"column":45},"end":{"line":19,"column":78}},"locations":[{"start":{"line":19,"column":45},"end":{"line":19,"column":78}}]},"5":{"type":"branch","line":20,"loc":{"start":{"line":20,"column":29},"end":{"line":20,"column":55}},"locations":[{"start":{"line":20,"column":29},"end":{"line":20,"column":55}}]},"6":{"type":"branch","line":22,"loc":{"start":{"line":22,"column":26},"end":{"line":23,"column":34}},"locations":[{"start":{"line":22,"column":26},"end":{"line":23,"column":34}}]}},"b":{"0":[16],"1":[2],"2":[1],"3":[1],"4":[13],"5":[1],"6":[3]},"fnMap":{"0":{"name":"ToDo","decl":{"start":{"line":5,"column":0},"end":{"line":32,"column":1}},"loc":{"start":{"line":5,"column":0},"end":{"line":32,"column":1}},"line":5},"1":{"name":"addToToDo","decl":{"start":{"line":9,"column":4},"end":{"line":11,"column":5}},"loc":{"start":{"line":9,"column":4},"end":{"line":11,"column":5}},"line":9},"2":{"name":"removeItemFromToDo","decl":{"start":{"line":13,"column":4},"end":{"line":15,"column":5}},"loc":{"start":{"line":13,"column":4},"end":{"line":15,"column":5}},"line":13},"3":{"name":"onChange","decl":{"start":{"line":19,"column":45},"end":{"line":19,"column":78}},"loc":{"start":{"line":19,"column":45},"end":{"line":19,"column":78}},"line":19},"4":{"name":"onClick","decl":{"start":{"line":20,"column":29},"end":{"line":20,"column":55}},"loc":{"start":{"line":20,"column":29},"end":{"line":20,"column":55}},"line":20},"5":{"name":"onClick","decl":{"start":{"line":27,"column":41},"end":{"line":27,"column":73}},"loc":{"start":{"line":27,"column":41},"end":{"line":27,"column":73}},"line":27}},"f":{"0":16,"1":1,"2":0,"3":13,"4":1,"5":0}}
}
