TN:
SF:src/components/ToDo.tsx
FN:5,ToDo
FN:9,addToToDo
FN:13,removeItemFromToDo
FN:19,onChange
FN:20,onClick
FN:27,onClick
FNF:6
FNH:4
FNDA:16,ToDo
FNDA:1,addToToDo
FNDA:0,removeItemFromToDo
FNDA:13,onChange
FNDA:1,onClick
FNDA:0,onClick
DA:1,1
DA:2,1
DA:3,1
DA:4,1
DA:5,16
DA:6,16
DA:7,16
DA:8,16
DA:9,16
DA:10,1
DA:11,1
DA:12,16
DA:13,16
DA:14,0
DA:15,0
DA:16,16
DA:17,16
DA:18,16
DA:19,16
DA:20,16
DA:21,16
DA:22,2
DA:23,3
DA:24,2
DA:25,2
DA:26,2
DA:27,2
DA:28,2
DA:29,16
DA:30,16
DA:31,16
DA:32,16
DA:33,1
DA:34,1
LF:34
LH:32
BRDA:5,0,0,16
BRDA:21,1,0,2
BRDA:9,2,0,1
BRDA:10,3,0,1
BRDA:19,4,0,13
BRDA:20,5,0,1
BRDA:22,6,0,3
BRF:7
BRH:7
end_of_record
