TN:
SF:src/components/List.tsx
FN:5,List
FN:9,addToList
FN:13,removeItemFromList
FN:19,onChange
FN:20,onClick
FN:25,onClick
FNF:6
FNH:6
FNDA:12,List
FNDA:1,addToList
FNDA:1,removeItemFromList
FNDA:6,onChange
FNDA:1,onClick
FNDA:1,onClick
DA:1,1
DA:2,1
DA:3,1
DA:4,1
DA:5,12
DA:6,12
DA:7,12
DA:8,12
DA:9,12
DA:10,1
DA:11,1
DA:12,12
DA:13,12
DA:14,1
DA:15,1
DA:16,12
DA:17,12
DA:18,12
DA:19,12
DA:20,12
DA:21,12
DA:22,12
DA:23,12
DA:24,12
DA:25,12
DA:26,12
DA:27,12
DA:28,12
DA:29,12
DA:30,12
DA:31,1
DA:32,1
LF:32
LH:32
BRDA:5,0,0,12
BRDA:9,1,0,1
BRDA:10,2,0,1
BRDA:13,3,0,1
BRDA:14,4,0,1
BRDA:14,5,0,3
BRDA:19,6,0,6
BRDA:20,7,0,1
BRDA:22,8,0,12
BRDA:25,9,0,1
BRF:10
BRH:10
end_of_record
